[debug] [2018-09-10T02:31:22.124Z] ----------------------------------------------------------------------
[debug] [2018-09-10T02:31:22.140Z] Command:       C:\Program Files\nodejs\node.exe C:\Users\EDY COMPU\AppData\Roaming\npm\node_modules\firebase-tools\bin\firebase deploy --only hosting
[debug] [2018-09-10T02:31:22.140Z] CLI Version:   3.19.3
[debug] [2018-09-10T02:31:22.140Z] Platform:      win32
[debug] [2018-09-10T02:31:22.140Z] Node Version:  v6.9.2
[debug] [2018-09-10T02:31:22.140Z] Time:          Sun Sep 09 2018 21:31:22 GMT-0500 (Hora est. Pacífico, Sudamérica)
[debug] [2018-09-10T02:31:22.140Z] ----------------------------------------------------------------------
[debug] 
[debug] [2018-09-10T02:31:22.187Z] > command requires scopes: ["email","openid","https://www.googleapis.com/auth/cloudplatformprojects.readonly","https://www.googleapis.com/auth/firebase","https://www.googleapis.com/auth/cloud-platform"]
[debug] [2018-09-10T02:31:22.187Z] > authorizing via signed-in user
[debug] [2018-09-10T02:31:22.202Z] >>> HTTP REQUEST GET https://admin.firebase.com/v1/projects/lunytha-1  
  
 Sun Sep 09 2018 21:31:22 GMT-0500 (Hora est. Pacífico, Sudamérica)
[debug] [2018-09-10T02:31:23.405Z] <<< HTTP RESPONSE 200
[debug] [2018-09-10T02:31:23.405Z] >>> HTTP REQUEST GET https://admin.firebase.com/v1/database/lunytha-1/tokens  
  
 Sun Sep 09 2018 21:31:23 GMT-0500 (Hora est. Pacífico, Sudamérica)
[debug] [2018-09-10T02:31:23.999Z] <<< HTTP RESPONSE 200
[info] 
[info] === Deploying to 'lunytha-1'...
[info] 
[info] i  deploying hosting
[info] i  hosting: preparing lunytha directory for upload...
[debug] [2018-09-10T02:31:32.245Z] >>> HTTP REQUEST PUT https://deploy.firebase.com/v1/hosting/lunytha-1/uploads/-LM0JIiWtR1iXD_Rt7xO?fileCount=255&message=  
  
 Sun Sep 09 2018 21:31:32 GMT-0500 (Hora est. Pacífico, Sudamérica)
